[2m2024-08-01T17:33:40.283292Z[0m [31mERROR[0m [2mglazewm[0m[2m:[0m general: missing field `cursor_jump` at line 2 column 3
[2m2024-08-01T17:34:19.373789Z[0m [31mERROR[0m [2mglazewm[0m[2m:[0m general: missing field `cursor_jump` at line 2 column 3
[2m2024-08-01T17:36:28.078041Z[0m [31mERROR[0m [2mglazewm[0m[2m:[0m gaps.outer_gap: invalid type: string "2px", expected struct RectDelta at line 15 column 14
[2m2024-08-01T17:41:48.857079Z[0m [31mERROR[0m [2mglazewm[0m[2m:[0m window_rules[1]: missing field `commands` at line 89 column 5
[2m2024-08-01T17:42:21.987660Z[0m [31mERROR[0m [2mglazewm[0m[2m:[0m window_rules[1].commands: unrecognized subcommand
 at line 89 column 15
[2m2024-08-01T17:42:50.685458Z[0m [31mERROR[0m [2mglazewm[0m[2m:[0m window_rules[1]: missing field `commands` at line 89 column 5
[2m2024-08-01T17:43:06.283186Z[0m [31mERROR[0m [2mglazewm[0m[2m:[0m window_rules[0]: missing field `commands` at line 80 column 5
[2m2024-08-01T17:44:08.027035Z[0m [31mERROR[0m [2mglazewm[0m[2m:[0m window_rules[1].commands: unrecognized subcommand
 at line 89 column 15
[2m2024-08-01T17:44:47.026157Z[0m [31mERROR[0m [2mglazewm[0m[2m:[0m window_rules[1].commands: unrecognized subcommand
 at line 89 column 15
[2m2024-08-01T17:45:26.459098Z[0m [31mERROR[0m [2mglazewm[0m[2m:[0m window_rules[1].commands: unrecognized subcommand
 at line 89 column 15
[2m2024-08-01T17:45:46.748317Z[0m [31mERROR[0m [2mglazewm[0m[2m:[0m window_rules[1].commands: unrecognized subcommand
 at line 89 column 15
[2m2024-08-01T17:48:40.828442Z[0m [31mERROR[0m [2mglazewm[0m[2m:[0m window_rules[1].commands: unexpected argument found
 at line 88 column 15
[2m2024-08-01T17:49:01.894336Z[0m [31mERROR[0m [2mglazewm[0m[2m:[0m window_rules[1].commands: unexpected argument found
 at line 88 column 15
[2m2024-08-01T18:04:23.722159Z[0m [31mERROR[0m [2mglazewm[0m[2m:[0m window_behavior.state_defaults: missing field `floating` at line 55 column 5
